<?xml version='1.0'?>
<ns2:test-suite xmlns:ns2='urn:model.allure.qatools.yandex.ru' start='1594030626563' stop='1594030721249'>
    <name>Verifying document finder count displayed</name>
    <title>Verifying document finder count displayed</title>
    <test-cases>
        <test-case start='1594030626564' status='pending' stop='1594030626564'>
            <name>verify main asbuilt  and service asbuilt count by town and street</name>
            <title>verify main asbuilt  and service asbuilt count by town and street</title>
            <labels/>
            <parameters/>
            <steps/>
            <attachments/>
            <failure>
                <message>Test ignored</message>
                <stack-trace>undefined</stack-trace>
            </failure>
        </test-case>
        <test-case start='1594030626564' status='pending' stop='1594030626564'>
            <name>verify service asbuilt count by town and street</name>
            <title>verify service asbuilt count by town and street</title>
            <labels/>
            <parameters/>
            <steps/>
            <attachments/>
            <failure>
                <message>Test ignored</message>
                <stack-trace>undefined</stack-trace>
            </failure>
        </test-case>
        <test-case start='1594030626564' status='broken' stop='1594030721248'>
            <name>verify document finder advanced search</name>
            <title>verify document finder advanced search</title>
            <labels>
                <label name='language' value='javascript'/>
                <label name='framework' value='wdio'/>
                <label name='thread' value='0-0'/>
            </labels>
            <parameters>
                <parameter kind='argument' name='browser' value='chrome'/>
            </parameters>
            <steps/>
            <attachments/>
            <failure>
                <message>element not interactable
                  (Session info: chrome=83.0.4103.116)</message>
                <stack-trace>element not interactable
                  (Session info: chrome=83.0.4103.116)
                    at getErrorFromResponseBody (C:\Users\Alok's\Documents\WebDriverIO\node_modules\webdriver\build\utils.js:121:10)
                    at WebDriverRequest._request (C:\Users\Alok's\Documents\WebDriverIO\node_modules\webdriver\build\request.js:149:56)
                    at processTicksAndRejections (internal/process/task_queues.js:97:5)
                    at async Element.elementErrorHandlerCallbackFn (C:\Users\Alok's\Documents\WebDriverIO\node_modules\webdriverio\build\middlewares.js:21:24)
                    at async Element.runCommandWithHooks (C:\Users\Alok's\Documents\WebDriverIO\node_modules\@wdio\sync\build\wrapCommand.js:88:21)
                    at Element.runCommandWithHooks (C:\Users\Alok's\Documents\WebDriverIO\node_modules\@wdio\sync\build\wrapCommand.js:82:22)
                    at Element.wrapCommandFn (C:\Users\Alok's\Documents\WebDriverIO\node_modules\@wdio\sync\build\wrapCommand.js:59:40)
                    at Element.elementErrorHandlerCallback (C:\Users\Alok's\Documents\WebDriverIO\node_modules\webdriverio\build\middlewares.js:40:8)
                    at sjgFieldbookPage.checkAdvancedSearchCountHeader (C:\Users\Alok's\Documents\WebDriverIO\pages\sjgFieldbook.pages.js:133:51)
                    at Context.&lt;anonymous> (C:\Users\Alok's\Documents\WebDriverIO\test\documentFinder.test.js:71:23)
                    at Context.executeSync (C:\Users\Alok's\Documents\WebDriverIO\node_modules\@wdio\sync\build\index.js:56:18)
                    at C:\Users\Alok's\Documents\WebDriverIO\node_modules\@wdio\sync\build\index.js:82:70</stack-trace>
            </failure>
        </test-case>
    </test-cases>
</ns2:test-suite>