<?xml version='1.0'?>
<ns2:test-suite xmlns:ns2='urn:model.allure.qatools.yandex.ru' start='1594041383516' stop='1594041795238'>
    <name>Verifying document finder count displayed</name>
    <title>Verifying document finder count displayed</title>
    <test-cases>
        <test-case start='1594041383520' status='passed' stop='1594041495227'>
            <name>verify main asbuilt  and service asbuilt count by town and street</name>
            <title>verify main asbuilt  and service asbuilt count by town and street</title>
            <labels>
                <label name='language' value='javascript'/>
                <label name='framework' value='wdio'/>
                <label name='thread' value='0-0'/>
            </labels>
            <parameters>
                <parameter kind='argument' name='browser' value='chrome'/>
            </parameters>
            <steps/>
            <attachments/>
        </test-case>
        <test-case start='1594041495228' status='pending' stop='1594041495228'>
            <name>verify service asbuilt count by town and street</name>
            <title>verify service asbuilt count by town and street</title>
            <labels/>
            <parameters/>
            <steps/>
            <attachments/>
            <failure>
                <message>Test ignored</message>
                <stack-trace>undefined</stack-trace>
            </failure>
        </test-case>
        <test-case start='1594041495228' status='broken' stop='1594041795236'>
            <name>verify document finder advanced search</name>
            <title>verify document finder advanced search</title>
            <labels>
                <label name='language' value='javascript'/>
                <label name='framework' value='wdio'/>
                <label name='thread' value='0-0'/>
            </labels>
            <parameters>
                <parameter kind='argument' name='browser' value='chrome'/>
            </parameters>
            <steps/>
            <attachments/>
            <failure>
                <message>Timeout of 300000ms exceeded. The execution in the test "Verifying document finder count displayed verify document finder advanced search" took too long. Try to reduce the run time or increase your timeout for test specs (https://webdriver.io/docs/timeouts.html). (C:\Users\Alok's\Documents\WebDriverIO\test\documentFinder.test.js)</message>
                <stack-trace>Error: Timeout of 300000ms exceeded. The execution in the test "Verifying document finder count displayed verify document finder advanced search" took too long. Try to reduce the run time or increase your timeout for test specs (https://webdriver.io/docs/timeouts.html). (C:\Users\Alok's\Documents\WebDriverIO\test\documentFinder.test.js)
                    at Test.Runnable._timeoutError (C:\Users\Alok's\Documents\WebDriverIO\node_modules\@wdio\mocha-framework\node_modules\mocha\lib\runnable.js:425:10)
                    at Timeout.&lt;anonymous> (C:\Users\Alok's\Documents\WebDriverIO\node_modules\@wdio\mocha-framework\node_modules\mocha\lib\runnable.js:237:24)
                    at listOnTimeout (internal/timers.js:549:17)
                    at processTimers (internal/timers.js:492:7)</stack-trace>
            </failure>
        </test-case>
    </test-cases>
</ns2:test-suite>