<?xml version='1.0'?>
<ns2:test-suite xmlns:ns2='urn:model.allure.qatools.yandex.ru' start='1593699856571' stop='1593700039770'>
    <name>Verifying document finder count displayed</name>
    <title>Verifying document finder count displayed</title>
    <test-cases>
        <test-case start='1593699856571' status='broken' stop='1593699943505'>
            <name>verify main asbuilt count by town and street</name>
            <title>verify main asbuilt count by town and street</title>
            <labels>
                <label name='language' value='javascript'/>
                <label name='framework' value='wdio'/>
                <label name='thread' value='0-1'/>
            </labels>
            <parameters>
                <parameter kind='argument' name='browser' value='chrome'/>
            </parameters>
            <steps/>
            <attachments/>
            <failure>
                <message>chrome not reachable
                  (Session info: chrome=83.0.4103.116)</message>
                <stack-trace>chrome not reachable
                  (Session info: chrome=83.0.4103.116)
                    at getErrorFromResponseBody (C:\Users\Alok's\Documents\WebDriverIO\node_modules\webdriver\build\utils.js:121:10)
                    at WebDriverRequest._request (C:\Users\Alok's\Documents\WebDriverIO\node_modules\webdriver\build\request.js:149:56)
                    at processTicksAndRejections (internal/process/task_queues.js:97:5)
                    at async Browser.runCommandWithHooks (C:\Users\Alok's\Documents\WebDriverIO\node_modules\@wdio\sync\build\wrapCommand.js:88:21)
                    at Browser.runCommandWithHooks (C:\Users\Alok's\Documents\WebDriverIO\node_modules\@wdio\sync\build\wrapCommand.js:82:22)
                    at Browser.wrapCommandFn (C:\Users\Alok's\Documents\WebDriverIO\node_modules\@wdio\sync\build\wrapCommand.js:59:40)
                    at Context.&lt;anonymous> (C:\Users\Alok's\Documents\WebDriverIO\test\documentFInder.test.js:10:17)
                    at Context.executeSync (C:\Users\Alok's\Documents\WebDriverIO\node_modules\@wdio\sync\build\index.js:56:18)
                    at C:\Users\Alok's\Documents\WebDriverIO\node_modules\@wdio\sync\build\index.js:82:70</stack-trace>
            </failure>
        </test-case>
        <test-case start='1593699943506' status='broken' stop='1593700039764'>
            <name>verify service asbuilt count by town and street</name>
            <title>verify service asbuilt count by town and street</title>
            <labels>
                <label name='language' value='javascript'/>
                <label name='framework' value='wdio'/>
                <label name='thread' value='0-1'/>
            </labels>
            <parameters>
                <parameter kind='argument' name='browser' value='chrome'/>
            </parameters>
            <steps/>
            <attachments/>
            <failure>
                <message>chrome not reachable
                  (Session info: chrome=83.0.4103.116)</message>
                <stack-trace>chrome not reachable
                  (Session info: chrome=83.0.4103.116)
                    at getErrorFromResponseBody (C:\Users\Alok's\Documents\WebDriverIO\node_modules\webdriver\build\utils.js:121:10)
                    at WebDriverRequest._request (C:\Users\Alok's\Documents\WebDriverIO\node_modules\webdriver\build\request.js:149:56)
                    at processTicksAndRejections (internal/process/task_queues.js:97:5)
                    at async Browser.runCommandWithHooks (C:\Users\Alok's\Documents\WebDriverIO\node_modules\@wdio\sync\build\wrapCommand.js:88:21)
                    at Browser.runCommandWithHooks (C:\Users\Alok's\Documents\WebDriverIO\node_modules\@wdio\sync\build\wrapCommand.js:82:22)
                    at Browser.wrapCommandFn (C:\Users\Alok's\Documents\WebDriverIO\node_modules\@wdio\sync\build\wrapCommand.js:59:40)
                    at Context.&lt;anonymous> (C:\Users\Alok's\Documents\WebDriverIO\test\documentFInder.test.js:34:17)
                    at Context.executeSync (C:\Users\Alok's\Documents\WebDriverIO\node_modules\@wdio\sync\build\index.js:56:18)
                    at C:\Users\Alok's\Documents\WebDriverIO\node_modules\@wdio\sync\build\index.js:82:70</stack-trace>
            </failure>
        </test-case>
    </test-cases>
</ns2:test-suite>