<?xml version='1.0'?>
<ns2:test-suite xmlns:ns2='urn:model.allure.qatools.yandex.ru' start='1594054627001' stop='1594054743322'>
    <name>Verifying Google StreetView</name>
    <title>Verifying Google StreetView</title>
    <test-cases>
        <test-case start='1594054627002' status='failed' stop='1594054743321'>
            <name>Should verify Google streetview</name>
            <title>Should verify Google streetview</title>
            <labels>
                <label name='language' value='javascript'/>
                <label name='framework' value='wdio'/>
                <label name='thread' value='0-0'/>
            </labels>
            <parameters>
                <parameter kind='argument' name='browser' value='chrome'/>
            </parameters>
            <steps/>
            <attachments/>
            <failure>
                <message>expected '2701 Shore Rd' to equal '2701 Shore Road'</message>
                <stack-trace>AssertionError: expected '2701 Shore Rd' to equal '2701 Shore Road'
                    at Context.&lt;anonymous> (C:\Users\Alok's\Documents\WebDriverIO\test\streetView.test.js:31:16)
                    at Context.executeSync (C:\Users\Alok's\Documents\WebDriverIO\node_modules\@wdio\sync\build\index.js:56:18)
                    at C:\Users\Alok's\Documents\WebDriverIO\node_modules\@wdio\sync\build\index.js:82:70</stack-trace>
            </failure>
        </test-case>
    </test-cases>
</ns2:test-suite>