<?xml version='1.0'?>
<ns2:test-suite xmlns:ns2='urn:model.allure.qatools.yandex.ru' start='1594033851290' stop='1594033923606'>
    <name>Verifying document finder count displayed</name>
    <title>Verifying document finder count displayed</title>
    <test-cases>
        <test-case start='1594033851290' status='pending' stop='1594033851290'>
            <name>verify main asbuilt  and service asbuilt count by town and street</name>
            <title>verify main asbuilt  and service asbuilt count by town and street</title>
            <labels/>
            <parameters/>
            <steps/>
            <attachments/>
            <failure>
                <message>Test ignored</message>
                <stack-trace>undefined</stack-trace>
            </failure>
        </test-case>
        <test-case start='1594033851291' status='pending' stop='1594033851291'>
            <name>verify service asbuilt count by town and street</name>
            <title>verify service asbuilt count by town and street</title>
            <labels/>
            <parameters/>
            <steps/>
            <attachments/>
            <failure>
                <message>Test ignored</message>
                <stack-trace>undefined</stack-trace>
            </failure>
        </test-case>
        <test-case start='1594033851291' status='broken' stop='1594033923605'>
            <name>verify document finder advanced search</name>
            <title>verify document finder advanced search</title>
            <labels>
                <label name='language' value='javascript'/>
                <label name='framework' value='wdio'/>
                <label name='thread' value='0-0'/>
            </labels>
            <parameters>
                <parameter kind='argument' name='browser' value='chrome'/>
            </parameters>
            <steps/>
            <attachments/>
            <failure>
                <message>Cannot read property 'keys' of null</message>
                <stack-trace>TypeError: Cannot read property 'keys' of null
                    at sjgFieldbookPage.checkAdvancedSearchCountHeader (C:\Users\Alok's\Documents\WebDriverIO\pages\sjgFieldbook.pages.js:133:78)
                    at Context.&lt;anonymous> (C:\Users\Alok's\Documents\WebDriverIO\test\documentFinder.test.js:71:23)
                    at Context.executeSync (C:\Users\Alok's\Documents\WebDriverIO\node_modules\@wdio\sync\build\index.js:56:18)
                    at C:\Users\Alok's\Documents\WebDriverIO\node_modules\@wdio\sync\build\index.js:82:70</stack-trace>
            </failure>
        </test-case>
    </test-cases>
</ns2:test-suite>