<?xml version='1.0'?>
<ns2:test-suite xmlns:ns2='urn:model.allure.qatools.yandex.ru' start='1593700416337' stop='1593700427733'>
    <name>Verifying document finder count displayed</name>
    <title>Verifying document finder count displayed</title>
    <test-cases>
        <test-case start='1593700416337' status='broken' stop='1593700423710'>
            <name>verify main asbuilt count by town and street</name>
            <title>verify main asbuilt count by town and street</title>
            <labels>
                <label name='language' value='javascript'/>
                <label name='framework' value='wdio'/>
                <label name='thread' value='0-1'/>
            </labels>
            <parameters>
                <parameter kind='argument' name='browser' value='chrome'/>
            </parameters>
            <steps/>
            <attachments/>
            <failure>
                <message>read ECONNRESET</message>
                <stack-trace>RequestError: read ECONNRESET
                    at ClientRequest.&lt;anonymous> (C:\Users\Alok's\Documents\WebDriverIO\node_modules\got\dist\source\core\index.js:826:25)
                    at ClientRequest.origin.emit (C:\Users\Alok's\Documents\WebDriverIO\node_modules\@szmarczak\http-timer\dist\source\index.js:39:20)
                    at Socket.socketErrorListener (_http_client.js:426:9)
                    at emitErrorNT (internal/streams/destroy.js:92:8)
                    at emitErrorAndCloseNT (internal/streams/destroy.js:60:3)
                    at TCP.onStreamRead (internal/stream_base_commons.js:205:27)
                    at Browser.runCommandWithHooks (C:\Users\Alok's\Documents\WebDriverIO\node_modules\@wdio\sync\build\wrapCommand.js:82:22)
                    at Browser.wrapCommandFn (C:\Users\Alok's\Documents\WebDriverIO\node_modules\@wdio\sync\build\wrapCommand.js:59:40)
                    at Context.&lt;anonymous> (C:\Users\Alok's\Documents\WebDriverIO\test\documentFInder.test.js:10:17)
                    at Context.executeSync (C:\Users\Alok's\Documents\WebDriverIO\node_modules\@wdio\sync\build\index.js:56:18)
                    at C:\Users\Alok's\Documents\WebDriverIO\node_modules\@wdio\sync\build\index.js:82:70</stack-trace>
            </failure>
        </test-case>
        <test-case start='1593700423710' status='broken' stop='1593700427732'>
            <name>verify service asbuilt count by town and street</name>
            <title>verify service asbuilt count by town and street</title>
            <labels>
                <label name='language' value='javascript'/>
                <label name='framework' value='wdio'/>
                <label name='thread' value='0-1'/>
            </labels>
            <parameters>
                <parameter kind='argument' name='browser' value='chrome'/>
            </parameters>
            <steps/>
            <attachments/>
            <failure>
                <message>connect ECONNREFUSED 127.0.0.1:9515</message>
                <stack-trace>RequestError: connect ECONNREFUSED 127.0.0.1:9515
                    at ClientRequest.&lt;anonymous> (C:\Users\Alok's\Documents\WebDriverIO\node_modules\got\dist\source\core\index.js:826:25)
                    at ClientRequest.origin.emit (C:\Users\Alok's\Documents\WebDriverIO\node_modules\@szmarczak\http-timer\dist\source\index.js:39:20)
                    at Socket.socketErrorListener (_http_client.js:426:9)
                    at emitErrorNT (internal/streams/destroy.js:92:8)
                    at emitErrorAndCloseNT (internal/streams/destroy.js:60:3)
                    at TCPConnectWrap.afterConnect [as oncomplete] (net.js:1141:16)
                    at Browser.runCommandWithHooks (C:\Users\Alok's\Documents\WebDriverIO\node_modules\@wdio\sync\build\wrapCommand.js:82:22)
                    at Browser.wrapCommandFn (C:\Users\Alok's\Documents\WebDriverIO\node_modules\@wdio\sync\build\wrapCommand.js:59:40)
                    at Context.&lt;anonymous> (C:\Users\Alok's\Documents\WebDriverIO\test\documentFInder.test.js:34:17)
                    at Context.executeSync (C:\Users\Alok's\Documents\WebDriverIO\node_modules\@wdio\sync\build\index.js:56:18)
                    at C:\Users\Alok's\Documents\WebDriverIO\node_modules\@wdio\sync\build\index.js:82:70</stack-trace>
            </failure>
        </test-case>
    </test-cases>
</ns2:test-suite>